<?xml version="1.0" encoding="UTF-8"?>
<testng-results ignored="0" total="1" passed="1" failed="0" skipped="0">
  <reporter-output>
  </reporter-output>
  <suite started-at="2023-07-27T20:54:17 IST" name="Default suite" finished-at="2023-07-27T20:54:58 IST" duration-ms="41277">
    <groups>
    </groups>
    <test started-at="2023-07-27T20:54:17 IST" name="Default test" finished-at="2023-07-27T20:54:58 IST" duration-ms="41277">
      <class name="com.mystore.testcases.MyAccountPageTest">
        <test-method is-config="true" signature="setup()[pri:0, instance:com.mystore.testcases.MyAccountPageTest@16150369]" started-at="2023-07-27T20:54:17 IST" name="setup" finished-at="2023-07-27T20:54:26 IST" duration-ms="8574" status="PASS">
          <reporter-output>
          </reporter-output>
        </test-method> <!-- setup -->
        <test-method signature="verfiyRegistrationAndLogin()[pri:0, instance:com.mystore.testcases.MyAccountPageTest@16150369]" started-at="2023-07-27T20:54:26 IST" name="verfiyRegistrationAndLogin" finished-at="2023-07-27T20:54:58 IST" duration-ms="32217" status="PASS">
          <reporter-output>
          </reporter-output>
        </test-method> <!-- verfiyRegistrationAndLogin -->
        <test-method is-config="true" signature="tearDown()[pri:0, instance:com.mystore.testcases.MyAccountPageTest@16150369]" started-at="2023-07-27T20:54:58 IST" name="tearDown" finished-at="2023-07-27T20:54:58 IST" duration-ms="399" status="PASS">
          <reporter-output>
          </reporter-output>
        </test-method> <!-- tearDown -->
      </class> <!-- com.mystore.testcases.MyAccountPageTest -->
    </test> <!-- Default test -->
  </suite> <!-- Default suite -->
</testng-results>
